<html>
<head>
<title>TestNG:  Use Case TC251: Remove Elective Assignment Column Heading</title>
<link href="../testng.css" rel="stylesheet" type="text/css" />
<link href="../my-testng.css" rel="stylesheet" type="text/css" />

<style type="text/css">
.log { display: none;} 
.stack-trace { display: none;} 
</style>
<script type="text/javascript">
<!--
function flip(e) {
  current = e.style.display;
  if (current == 'block') {
    e.style.display = 'none';
    return 0;
  }
  else {
    e.style.display = 'block';
    return 1;
  }
}

function toggleBox(szDivId, elem, msg1, msg2)
{
  var res = -1;  if (document.getElementById) {
    res = flip(document.getElementById(szDivId));
  }
  else if (document.all) {
    // this is the way old msie versions work
    res = flip(document.all[szDivId]);
  }
  if(elem) {
    if(res == 0) elem.innerHTML = msg1; else elem.innerHTML = msg2;
  }

}

function toggleAllBoxes() {
  if (document.getElementsByTagName) {
    d = document.getElementsByTagName('div');
    for (i = 0; i < d.length; i++) {
      if (d[i].className == 'log') {
        flip(d[i]);
      }
    }
  }
}

// -->
</script>

</head>
<body>
<h2 align='center'>Use Case TC251: Remove Elective Assignment Column Heading</h2><table border='1' align="center">
<tr>
<td>Tests passed/Failed/Skipped:</td><td>2/0/0</td>
</tr><tr>
<td>Started on:</td><td>Fri Aug 11 13:54:12 IST 2017</td>
</tr>
<tr><td>Total time:</td><td>91 seconds (91548 ms)</td>
</tr><tr>
<td>Included groups:</td><td></td>
</tr><tr>
<td>Excluded groups:</td><td></td>
</tr>
</table><p/>
<small><i>(Hover the method name to see the test class name)</i></small><p/>
<table width='100%' border='1' class='invocation-passed'>
<tr><td colspan='4' align='center'><b>PASSED TESTS</b></td></tr>
<tr><td><b>Test method</b></td>
<td width="30%"><b>Exception</b></td>
<td width="10%"><b>Time (seconds)</b></td>
<td><b>Instance</b></td>
</tr>
<tr>
<td title='com.pom.application.testscripts.TC251RemoveElectiveAssignmentColumnHeading.login()'><b>login</b><br>Test class: com.pom.application.testscripts.TC251RemoveElectiveAssignmentColumnHeading<br>Parameters: {ilctioverduetitle=ILC_S07078, coursenamedescicon=2, demopwd=c0mputer17$, rmtrainingcode=IILC-1343, s07152ilctititle=ILC_S07152, userid=autoadmin1, trainingitem=IILC-1343, statuscolumn=4, password=123a, tc251companycode=elms, signpwd=123a, dateverification=07/01/2019, tc260pswd=tc260, tc201pswd=tc201, tc266userid=s07454s06979tc266, tc7482userid=tc7482, enterremove=REMOVE, startmerdian=AM, currval2=Curr-7147-2 (Curr-7147-2), currval1=Cur-7147-1  (Cur-7147-1 ), tc212trainingcode2=Form6965, fromrowtwoxpathvalue=Curr-7147, codeversioncolumn=2, currval3=Curr-7147-3 (Curr-7147-3), tc260userid=s07454s06979tc260, learnercode=autolearn2, endmerdian=PM, compnycode=elms, endhours=12, a204userid=aTC204, availableseatsmesghindi=(** Hindi ** - Remaining Seats:5), coursenamecolumn=1, userfirstname=userFirstName1078, formmultilangfinnish=formmultilangfinads, dnodue=d-nodue, acode=A-code, registerbtntexthindi=???????, fromrowonexpathvalue=Curr-7147-2, syscousename=ILC7455, formmultilangkorean=cdmultilangkorads, companycode=autoelms, hindilanglink=langhindi, hindiuserpwd=lphindi, demoid=skoti, l202userid=user202, cousename7147=TI-7147, tododescicon=2, todocdhindi=cdmultilanghinditodo, systrngvalue=Instructor Led Course, systrngtext=Instructor Led Course, learnerid=autolearn1, formmultilengtitle=formmultilangengads, t246userid=admin2-6840, t211userid=admin7147, cdoverdue=todocdoverdue, tc212userid=tc212admin, multicd=cdmultilang, adminpassword=123a, todoascicon=1, t211userpwd=123a, schineselanglink=langsimpchinese, prereqwaitti=prereqwaitcoursetitle, cdmultihindiheader=CD_S07053_Multi_lang_Hindi, coursenameascicon=1, availableseatsmesg=(Remaining Seats: 5), webaddlink=1, auser252=aTC252, rowonevalue=• Cur-7147-1, formmultidutchheader=Form_S07053_Multi_lang_Dutch, datetimeformat1=EEEE, MMM dd, yyyy h:mm:ss a, ilctitle=TC-202, TC251trainingItem=TI7245, tc230pswd=tc230, cwdatetime1=7, cetitle=CE7054-Title, cwdatetime2=0, cdmultischineseheader=CD_S07053_Multi_lang_SChinese, removeclassuserid=autoadmin1, t246userpwd=123a, tc212adminuserprofile=Admin 6965, cdmultiengheader=CD_S07053_Multi_lang, usercousename=Auto7455, startmin=1, title=Fluid Transfer Fundamentals, datetimeformat3=M/d/yyyy h:mm:ss, datetimeformat2=d-M-yyyy h:mm:ss, cwdatetime=5, auser263=User263, cdenglishcoursetitle=CD_S07053_Multi_lang, t199learnerpwd=lavanya, baseurl=.compliancewire.com/CW3/Standard/Authentication/LogIn, gelective=g-elective, fromrowtwovalue=• Curr-7147-3, ilctioverduetitle1=ILC7352_1 in CW for S-07352, cdtitle=CD7054-Title, cbttrainingtitle=Welcome to ComplianceWire, adminuserid=autoadmin1, usermiddlename=userMiddleName1000, bcode=B-code, tc7482password=123a, cdhindicoursetitle=CD_S07053_Multi_lang_Hindi, trainingcodedropdwnval=Training Code, todocoursetitle=CE7054-Title, cdmultilanghebrew=cdmultilanghebads, completeddatecolumn=5, curriculumrowonevalue=In Curriculum, t268userpwd=123a, date1verification=07/01/2019, grouptypeindex=0, availableDateInputFormatDrpDwnValue=M/d/yyyy,M-d-yyyy,M.d.yyyy,d/M/yyyy,d-M-yyyy,d.M.yyyy,yyyy/M/d,yyyy-M-d,yyyy.M.d, curriculaheader=Curricula, a241userid=TC241, endmin=11, fromrowonevalue=• Curr-7147-2, user6840=admin6840, ilcoverdue=todoilcoverdue, prereqti=prereqcoursetitle, t268userid=admin7455, tc257password=lptest2, koreanlanglink=langkorean, trainingcodesearch=CD1, t199learnerid=lavanya, cdtioverduetitle=CD_S07078, a202userid=aTC202, anodue=A-nodue, a215userid=admin6840, confirmpassword=123a, tc251userid=admin7245, admin6805=admin6805, removeclasspwd=123a, coursetitle=ILC-7041-Title, cdmultilengtitle=cdmultilangengads, waitlistopenmesg=This class is full: There are 8 waitlist openings for this class, cetrainingtitle=CE7054-Title, cdtrainingtitle=CD7054-Title, trainingcode=ILC-7041, scorecolumn=6, formenglishcoursetitle=Form_S07053_Multi_lang, a234userid=aTC234, tc251electivetrainingitem=CD2TC201, reusableLibrary1strow=ignore,TI-CD-7147,TI-CD-7147 (Ver. 1.0),Control Document,Not Started,true,true,true,true,true, tc257userid=lptest2, curriculumfiltertext=Curriculum, tc266pswd=tc266, starthours=1, formmultiengheader=Form_S07053_Multi_lang, TC251coursename=TI-CD-7147 , hebrewlanglink=langhebrew, reusableLibrary11strow=TI-CD-7147,Control Document,Not Started, traincurriculumrowonevalue=In Curriculum, lockedceti=lockedcoursetitle, multiform=formmultilang, felective=f-elective, formmultikoreanheader=Form_S07053_Multi_lang_Korean, cdmultilangschinese=cdmultilangschinads, traincurval02=Curr-7147-3 (0.0), traincurval01=Curr-7147-2 (0.0), availableDateDisplayFormatSettingsValue=1,2,3,4,5,6,7,8,9,10, userlastname=userLastName1078, grouplistindex=0, hindiuserid=lphindi, traincurval03=Curr-7147-4  (0.0), tc212trainingcode=Cd6965, tc251password=123a, dutchlanglink=langdutch, learnerpassword=123a, tc212userpwd=123a, lockedcemaxti=lockedcecoursetitle, fromcur4value=Curr-7147-4, lockedcdti=lockedcdcoursetitle, otzindex=68, newuserid=userId1078, usertrngtext=AUTOTRAINING, a7054userid=7054User, finnishlanglink=langfinnish, englishlanglink=langeng, cdmultilanghindi=cdmultilanghinads, timezone=68, providercolumn=3, tc201userid=s07053tc201, tc251trainingitem=CD2TC201, learnerpwd=123a, cousename7147cd=TI-CD-7147, formmultilangdutch=cdmultilangdutads, ilcoverdue1=todoilcoverdue1, signuserid=autolearn1, todocolumn1=1, registerbtntext=Register, formmultifinnishheader=Form_S07053_Multi_lang_Finnish, usertrngvalue=AUTOTRAINING, coursename202=ILC-7041-Title, tc251oneAvailableDateDisplayFormatSettings=Tuesday, July 3, 2018$Tuesday, July 3, 2018, refmateriallink=2, tabnum2=2, l204userid=user204, tc230userid=S07380S06876TC230, tabnum1=1, weblinktitle=ComplianceWire, waitlistopenmesghindi=** Hindi ** -  This class is full: There are 8 waitlist openings for this class - ** Hindi **, cousename7147form=TI-7147-form, rowonexpathvalue=Cur-7147-1, a7052userid=a7052, cdmultihebrewheader=CD_S07053_Multi_lang_Hebrew}</td>
<td></td>
<td>34</td>
<td>com.pom.application.testscripts.TC251RemoveElectiveAssignmentColumnHeading@7b49cea0</td></tr>
<tr>
<td title='com.pom.application.testscripts.TC251RemoveElectiveAssignmentColumnHeading.removeElectiveAssignmentColumnHeading()'><b>removeElectiveAssignmentColumnHeading</b><br>Test class: com.pom.application.testscripts.TC251RemoveElectiveAssignmentColumnHeading<br>Parameters: {ilctioverduetitle=ILC_S07078, coursenamedescicon=2, demopwd=c0mputer17$, rmtrainingcode=IILC-1343, s07152ilctititle=ILC_S07152, userid=autoadmin1, trainingitem=IILC-1343, statuscolumn=4, password=123a, tc251companycode=elms, signpwd=123a, dateverification=07/01/2019, tc260pswd=tc260, tc201pswd=tc201, tc266userid=s07454s06979tc266, tc7482userid=tc7482, enterremove=REMOVE, startmerdian=AM, currval2=Curr-7147-2 (Curr-7147-2), currval1=Cur-7147-1  (Cur-7147-1 ), tc212trainingcode2=Form6965, fromrowtwoxpathvalue=Curr-7147, codeversioncolumn=2, currval3=Curr-7147-3 (Curr-7147-3), tc260userid=s07454s06979tc260, learnercode=autolearn2, endmerdian=PM, compnycode=elms, endhours=12, a204userid=aTC204, availableseatsmesghindi=(** Hindi ** - Remaining Seats:5), coursenamecolumn=1, userfirstname=userFirstName1078, formmultilangfinnish=formmultilangfinads, dnodue=d-nodue, acode=A-code, registerbtntexthindi=???????, fromrowonexpathvalue=Curr-7147-2, syscousename=ILC7455, formmultilangkorean=cdmultilangkorads, companycode=autoelms, hindilanglink=langhindi, hindiuserpwd=lphindi, demoid=skoti, l202userid=user202, cousename7147=TI-7147, tododescicon=2, todocdhindi=cdmultilanghinditodo, systrngvalue=Instructor Led Course, systrngtext=Instructor Led Course, learnerid=autolearn1, formmultilengtitle=formmultilangengads, t246userid=admin2-6840, t211userid=admin7147, cdoverdue=todocdoverdue, tc212userid=tc212admin, multicd=cdmultilang, adminpassword=123a, todoascicon=1, t211userpwd=123a, schineselanglink=langsimpchinese, prereqwaitti=prereqwaitcoursetitle, cdmultihindiheader=CD_S07053_Multi_lang_Hindi, coursenameascicon=1, availableseatsmesg=(Remaining Seats: 5), webaddlink=1, auser252=aTC252, rowonevalue=• Cur-7147-1, formmultidutchheader=Form_S07053_Multi_lang_Dutch, datetimeformat1=EEEE, MMM dd, yyyy h:mm:ss a, ilctitle=TC-202, TC251trainingItem=TI7245, tc230pswd=tc230, cwdatetime1=7, cetitle=CE7054-Title, cwdatetime2=0, cdmultischineseheader=CD_S07053_Multi_lang_SChinese, removeclassuserid=autoadmin1, t246userpwd=123a, tc212adminuserprofile=Admin 6965, cdmultiengheader=CD_S07053_Multi_lang, usercousename=Auto7455, startmin=1, title=Fluid Transfer Fundamentals, datetimeformat3=M/d/yyyy h:mm:ss, datetimeformat2=d-M-yyyy h:mm:ss, cwdatetime=5, auser263=User263, cdenglishcoursetitle=CD_S07053_Multi_lang, t199learnerpwd=lavanya, baseurl=.compliancewire.com/CW3/Standard/Authentication/LogIn, gelective=g-elective, fromrowtwovalue=• Curr-7147-3, ilctioverduetitle1=ILC7352_1 in CW for S-07352, cdtitle=CD7054-Title, cbttrainingtitle=Welcome to ComplianceWire, adminuserid=autoadmin1, usermiddlename=userMiddleName1000, bcode=B-code, tc7482password=123a, cdhindicoursetitle=CD_S07053_Multi_lang_Hindi, trainingcodedropdwnval=Training Code, todocoursetitle=CE7054-Title, cdmultilanghebrew=cdmultilanghebads, completeddatecolumn=5, curriculumrowonevalue=In Curriculum, t268userpwd=123a, date1verification=07/01/2019, grouptypeindex=0, availableDateInputFormatDrpDwnValue=M/d/yyyy,M-d-yyyy,M.d.yyyy,d/M/yyyy,d-M-yyyy,d.M.yyyy,yyyy/M/d,yyyy-M-d,yyyy.M.d, curriculaheader=Curricula, a241userid=TC241, endmin=11, fromrowonevalue=• Curr-7147-2, user6840=admin6840, ilcoverdue=todoilcoverdue, prereqti=prereqcoursetitle, t268userid=admin7455, tc257password=lptest2, koreanlanglink=langkorean, trainingcodesearch=CD1, t199learnerid=lavanya, cdtioverduetitle=CD_S07078, a202userid=aTC202, anodue=A-nodue, a215userid=admin6840, confirmpassword=123a, tc251userid=admin7245, admin6805=admin6805, removeclasspwd=123a, coursetitle=ILC-7041-Title, cdmultilengtitle=cdmultilangengads, waitlistopenmesg=This class is full: There are 8 waitlist openings for this class, cetrainingtitle=CE7054-Title, cdtrainingtitle=CD7054-Title, trainingcode=ILC-7041, scorecolumn=6, formenglishcoursetitle=Form_S07053_Multi_lang, a234userid=aTC234, tc251electivetrainingitem=CD2TC201, reusableLibrary1strow=ignore,TI-CD-7147,TI-CD-7147 (Ver. 1.0),Control Document,Not Started,true,true,true,true,true, tc257userid=lptest2, curriculumfiltertext=Curriculum, tc266pswd=tc266, starthours=1, formmultiengheader=Form_S07053_Multi_lang, TC251coursename=TI-CD-7147 , hebrewlanglink=langhebrew, reusableLibrary11strow=TI-CD-7147,Control Document,Not Started, traincurriculumrowonevalue=In Curriculum, lockedceti=lockedcoursetitle, multiform=formmultilang, felective=f-elective, formmultikoreanheader=Form_S07053_Multi_lang_Korean, cdmultilangschinese=cdmultilangschinads, traincurval02=Curr-7147-3 (0.0), traincurval01=Curr-7147-2 (0.0), availableDateDisplayFormatSettingsValue=1,2,3,4,5,6,7,8,9,10, userlastname=userLastName1078, grouplistindex=0, hindiuserid=lphindi, traincurval03=Curr-7147-4  (0.0), tc212trainingcode=Cd6965, tc251password=123a, dutchlanglink=langdutch, learnerpassword=123a, tc212userpwd=123a, lockedcemaxti=lockedcecoursetitle, fromcur4value=Curr-7147-4, lockedcdti=lockedcdcoursetitle, otzindex=68, newuserid=userId1078, usertrngtext=AUTOTRAINING, a7054userid=7054User, finnishlanglink=langfinnish, englishlanglink=langeng, cdmultilanghindi=cdmultilanghinads, timezone=68, providercolumn=3, tc201userid=s07053tc201, tc251trainingitem=CD2TC201, learnerpwd=123a, cousename7147cd=TI-CD-7147, formmultilangdutch=cdmultilangdutads, ilcoverdue1=todoilcoverdue1, signuserid=autolearn1, todocolumn1=1, registerbtntext=Register, formmultifinnishheader=Form_S07053_Multi_lang_Finnish, usertrngvalue=AUTOTRAINING, coursename202=ILC-7041-Title, tc251oneAvailableDateDisplayFormatSettings=Tuesday, July 3, 2018$Tuesday, July 3, 2018, refmateriallink=2, tabnum2=2, l204userid=user204, tc230userid=S07380S06876TC230, tabnum1=1, weblinktitle=ComplianceWire, waitlistopenmesghindi=** Hindi ** -  This class is full: There are 8 waitlist openings for this class - ** Hindi **, cousename7147form=TI-7147-form, rowonexpathvalue=Cur-7147-1, a7052userid=a7052, cdmultihebrewheader=CD_S07053_Multi_lang_Hebrew}<br/>
<a href="#Output-700286427" onClick='toggleBox("Output-700286427", this, "Show output", "Hide output");'>Show output</a>

<a href="#Output-700286427" onClick="toggleAllBoxes();">Show all outputs</a>
<div class='log' id="Output-700286427">
<a href=../test-output/ScreenShotsFolder11-08-17/2017-08-11-13-55-04.jpg target='_blank' >By.xpath: //a[@title='click to see additional details']  Exception while executing script...org.openqa.selenium.NoSuchElementException: no such element: Unable to locate element: {"method":"xpath","selector":"//a[@title='click to see additional details']"}
  (Session info: chrome=60.0.3112.90)
  (Driver info: chromedriver=2.30.477700 (0057494ad8732195794a7b32078424f92a5fce41),platform=Windows NT 6.1.7601 SP1 x86_64) (WARNING: The server did not provide any stacktrace information)
Command duration or timeout: 24 milliseconds
For documentation on this error, please visit: http://seleniumhq.org/exceptions/no_such_element.html
Build info: version: 'unknown', revision: 'c7b525d', time: '2016-09-01 14:57:44 -0700'
System info: host: 'DT-IBE573', ip: '10.13.58.22', os.name: 'Windows 7', os.arch: 'amd64', os.version: '6.1', java.version: '1.8.0_121'
Driver info: org.openqa.selenium.chrome.ChromeDriver
Capabilities [{applicationCacheEnabled=false, rotatable=false, mobileEmulationEnabled=false, networkConnectionEnabled=false, chrome={chromedriverVersion=2.30.477700 (0057494ad8732195794a7b32078424f92a5fce41), userDataDir=C:\Users\SHIVAR~1.KOT\AppData\Local\Temp\scoped_dir6060_29852}, takesHeapSnapshot=true, pageLoadStrategy=normal, databaseEnabled=false, handlesAlerts=true, hasTouchScreen=false, version=60.0.3112.90, platform=XP, browserConnectionEnabled=false, nativeEvents=true, acceptSslCerts=true, locationContextEnabled=true, webStorageEnabled=true, browserName=chrome, takesScreenshot=true, javascriptEnabled=true, cssSelectorsEnabled=true, unexpectedAlertBehaviour=}]
Session ID: b2cd3f16dff2c4340fd07ad6ea445f9f
*** Element info: {Using=xpath, value=//a[@title='click to see additional details']}</a><br/>
<br></br><br/>
<a href=../test-output/ScreenShotsFolder11-08-17/2017-08-11-13-55-05.jpg target='_blank' >By.xpath: //span[text()='Add as an Elective']  Exception while executing script...org.openqa.selenium.NoSuchElementException: no such element: Unable to locate element: {"method":"xpath","selector":"//span[text()='Add as an Elective']"}
  (Session info: chrome=60.0.3112.90)
  (Driver info: chromedriver=2.30.477700 (0057494ad8732195794a7b32078424f92a5fce41),platform=Windows NT 6.1.7601 SP1 x86_64) (WARNING: The server did not provide any stacktrace information)
Command duration or timeout: 27 milliseconds
For documentation on this error, please visit: http://seleniumhq.org/exceptions/no_such_element.html
Build info: version: 'unknown', revision: 'c7b525d', time: '2016-09-01 14:57:44 -0700'
System info: host: 'DT-IBE573', ip: '10.13.58.22', os.name: 'Windows 7', os.arch: 'amd64', os.version: '6.1', java.version: '1.8.0_121'
Driver info: org.openqa.selenium.chrome.ChromeDriver
Capabilities [{applicationCacheEnabled=false, rotatable=false, mobileEmulationEnabled=false, networkConnectionEnabled=false, chrome={chromedriverVersion=2.30.477700 (0057494ad8732195794a7b32078424f92a5fce41), userDataDir=C:\Users\SHIVAR~1.KOT\AppData\Local\Temp\scoped_dir6060_29852}, takesHeapSnapshot=true, pageLoadStrategy=normal, databaseEnabled=false, handlesAlerts=true, hasTouchScreen=false, version=60.0.3112.90, platform=XP, browserConnectionEnabled=false, nativeEvents=true, acceptSslCerts=true, locationContextEnabled=true, webStorageEnabled=true, browserName=chrome, takesScreenshot=true, javascriptEnabled=true, cssSelectorsEnabled=true, unexpectedAlertBehaviour=}]
Session ID: b2cd3f16dff2c4340fd07ad6ea445f9f
*** Element info: {Using=xpath, value=//span[text()='Add as an Elective']}</a><br/>
<br></br><br/>
<a href=../test-output/ScreenShotsFolder11-08-17/2017-08-11-13-55-07.jpg target='_blank' >By.xpath: //span[text()='Add as an Elective']  Exception while executing script...org.openqa.selenium.NoSuchElementException: no such element: Unable to locate element: {"method":"xpath","selector":"//span[text()='Add as an Elective']"}
  (Session info: chrome=60.0.3112.90)
  (Driver info: chromedriver=2.30.477700 (0057494ad8732195794a7b32078424f92a5fce41),platform=Windows NT 6.1.7601 SP1 x86_64) (WARNING: The server did not provide any stacktrace information)
Command duration or timeout: 17 milliseconds
For documentation on this error, please visit: http://seleniumhq.org/exceptions/no_such_element.html
Build info: version: 'unknown', revision: 'c7b525d', time: '2016-09-01 14:57:44 -0700'
System info: host: 'DT-IBE573', ip: '10.13.58.22', os.name: 'Windows 7', os.arch: 'amd64', os.version: '6.1', java.version: '1.8.0_121'
Driver info: org.openqa.selenium.chrome.ChromeDriver
Capabilities [{applicationCacheEnabled=false, rotatable=false, mobileEmulationEnabled=false, networkConnectionEnabled=false, chrome={chromedriverVersion=2.30.477700 (0057494ad8732195794a7b32078424f92a5fce41), userDataDir=C:\Users\SHIVAR~1.KOT\AppData\Local\Temp\scoped_dir6060_29852}, takesHeapSnapshot=true, pageLoadStrategy=normal, databaseEnabled=false, handlesAlerts=true, hasTouchScreen=false, version=60.0.3112.90, platform=XP, browserConnectionEnabled=false, nativeEvents=true, acceptSslCerts=true, locationContextEnabled=true, webStorageEnabled=true, browserName=chrome, takesScreenshot=true, javascriptEnabled=true, cssSelectorsEnabled=true, unexpectedAlertBehaviour=}]
Session ID: b2cd3f16dff2c4340fd07ad6ea445f9f
*** Element info: {Using=xpath, value=//span[text()='Add as an Elective']}</a><br/>
<br></br><br/>
<a href=../test-output/ScreenShotsFolder11-08-17/2017-08-11-13-55-09.jpg target='_blank' >By.xpath: //span[text()='Add as an Elective']  Exception while executing script...org.openqa.selenium.NoSuchElementException: no such element: Unable to locate element: {"method":"xpath","selector":"//span[text()='Add as an Elective']"}
  (Session info: chrome=60.0.3112.90)
  (Driver info: chromedriver=2.30.477700 (0057494ad8732195794a7b32078424f92a5fce41),platform=Windows NT 6.1.7601 SP1 x86_64) (WARNING: The server did not provide any stacktrace information)
Command duration or timeout: 10 milliseconds
For documentation on this error, please visit: http://seleniumhq.org/exceptions/no_such_element.html
Build info: version: 'unknown', revision: 'c7b525d', time: '2016-09-01 14:57:44 -0700'
System info: host: 'DT-IBE573', ip: '10.13.58.22', os.name: 'Windows 7', os.arch: 'amd64', os.version: '6.1', java.version: '1.8.0_121'
Driver info: org.openqa.selenium.chrome.ChromeDriver
Capabilities [{applicationCacheEnabled=false, rotatable=false, mobileEmulationEnabled=false, networkConnectionEnabled=false, chrome={chromedriverVersion=2.30.477700 (0057494ad8732195794a7b32078424f92a5fce41), userDataDir=C:\Users\SHIVAR~1.KOT\AppData\Local\Temp\scoped_dir6060_29852}, takesHeapSnapshot=true, pageLoadStrategy=normal, databaseEnabled=false, handlesAlerts=true, hasTouchScreen=false, version=60.0.3112.90, platform=XP, browserConnectionEnabled=false, nativeEvents=true, acceptSslCerts=true, locationContextEnabled=true, webStorageEnabled=true, browserName=chrome, takesScreenshot=true, javascriptEnabled=true, cssSelectorsEnabled=true, unexpectedAlertBehaviour=}]
Session ID: b2cd3f16dff2c4340fd07ad6ea445f9f
*** Element info: {Using=xpath, value=//span[text()='Add as an Elective']}</a><br/>
<br></br><br/>
<a href=../test-output/ScreenShotsFolder11-08-17/2017-08-11-13-55-10.jpg target='_blank' >By.xpath: //span[text()='Add as an Elective']  Exception while executing script...org.openqa.selenium.NoSuchElementException: no such element: Unable to locate element: {"method":"xpath","selector":"//span[text()='Add as an Elective']"}
  (Session info: chrome=60.0.3112.90)
  (Driver info: chromedriver=2.30.477700 (0057494ad8732195794a7b32078424f92a5fce41),platform=Windows NT 6.1.7601 SP1 x86_64) (WARNING: The server did not provide any stacktrace information)
Command duration or timeout: 19 milliseconds
For documentation on this error, please visit: http://seleniumhq.org/exceptions/no_such_element.html
Build info: version: 'unknown', revision: 'c7b525d', time: '2016-09-01 14:57:44 -0700'
System info: host: 'DT-IBE573', ip: '10.13.58.22', os.name: 'Windows 7', os.arch: 'amd64', os.version: '6.1', java.version: '1.8.0_121'
Driver info: org.openqa.selenium.chrome.ChromeDriver
Capabilities [{applicationCacheEnabled=false, rotatable=false, mobileEmulationEnabled=false, networkConnectionEnabled=false, chrome={chromedriverVersion=2.30.477700 (0057494ad8732195794a7b32078424f92a5fce41), userDataDir=C:\Users\SHIVAR~1.KOT\AppData\Local\Temp\scoped_dir6060_29852}, takesHeapSnapshot=true, pageLoadStrategy=normal, databaseEnabled=false, handlesAlerts=true, hasTouchScreen=false, version=60.0.3112.90, platform=XP, browserConnectionEnabled=false, nativeEvents=true, acceptSslCerts=true, locationContextEnabled=true, webStorageEnabled=true, browserName=chrome, takesScreenshot=true, javascriptEnabled=true, cssSelectorsEnabled=true, unexpectedAlertBehaviour=}]
Session ID: b2cd3f16dff2c4340fd07ad6ea445f9f
*** Element info: {Using=xpath, value=//span[text()='Add as an Elective']}</a><br/>
<br></br><br/>
<a href=../test-output/ScreenShotsFolder11-08-17/2017-08-11-13-55-12.jpg target='_blank' >By.xpath: //span[text()='Add as an Elective']  Exception while executing script...org.openqa.selenium.NoSuchElementException: no such element: Unable to locate element: {"method":"xpath","selector":"//span[text()='Add as an Elective']"}
  (Session info: chrome=60.0.3112.90)
  (Driver info: chromedriver=2.30.477700 (0057494ad8732195794a7b32078424f92a5fce41),platform=Windows NT 6.1.7601 SP1 x86_64) (WARNING: The server did not provide any stacktrace information)
Command duration or timeout: 15 milliseconds
For documentation on this error, please visit: http://seleniumhq.org/exceptions/no_such_element.html
Build info: version: 'unknown', revision: 'c7b525d', time: '2016-09-01 14:57:44 -0700'
System info: host: 'DT-IBE573', ip: '10.13.58.22', os.name: 'Windows 7', os.arch: 'amd64', os.version: '6.1', java.version: '1.8.0_121'
Driver info: org.openqa.selenium.chrome.ChromeDriver
Capabilities [{applicationCacheEnabled=false, rotatable=false, mobileEmulationEnabled=false, networkConnectionEnabled=false, chrome={chromedriverVersion=2.30.477700 (0057494ad8732195794a7b32078424f92a5fce41), userDataDir=C:\Users\SHIVAR~1.KOT\AppData\Local\Temp\scoped_dir6060_29852}, takesHeapSnapshot=true, pageLoadStrategy=normal, databaseEnabled=false, handlesAlerts=true, hasTouchScreen=false, version=60.0.3112.90, platform=XP, browserConnectionEnabled=false, nativeEvents=true, acceptSslCerts=true, locationContextEnabled=true, webStorageEnabled=true, browserName=chrome, takesScreenshot=true, javascriptEnabled=true, cssSelectorsEnabled=true, unexpectedAlertBehaviour=}]
Session ID: b2cd3f16dff2c4340fd07ad6ea445f9f
*** Element info: {Using=xpath, value=//span[text()='Add as an Elective']}</a><br/>
<br></br><br/>
<a href=../test-output/ScreenShotsFolder11-08-17/2017-08-11-13-55-13.jpg target='_blank' >By.xpath: //span[text()='Add as an Elective']  Exception while executing script...org.openqa.selenium.NoSuchElementException: no such element: Unable to locate element: {"method":"xpath","selector":"//span[text()='Add as an Elective']"}
  (Session info: chrome=60.0.3112.90)
  (Driver info: chromedriver=2.30.477700 (0057494ad8732195794a7b32078424f92a5fce41),platform=Windows NT 6.1.7601 SP1 x86_64) (WARNING: The server did not provide any stacktrace information)
Command duration or timeout: 16 milliseconds
For documentation on this error, please visit: http://seleniumhq.org/exceptions/no_such_element.html
Build info: version: 'unknown', revision: 'c7b525d', time: '2016-09-01 14:57:44 -0700'
System info: host: 'DT-IBE573', ip: '10.13.58.22', os.name: 'Windows 7', os.arch: 'amd64', os.version: '6.1', java.version: '1.8.0_121'
Driver info: org.openqa.selenium.chrome.ChromeDriver
Capabilities [{applicationCacheEnabled=false, rotatable=false, mobileEmulationEnabled=false, networkConnectionEnabled=false, chrome={chromedriverVersion=2.30.477700 (0057494ad8732195794a7b32078424f92a5fce41), userDataDir=C:\Users\SHIVAR~1.KOT\AppData\Local\Temp\scoped_dir6060_29852}, takesHeapSnapshot=true, pageLoadStrategy=normal, databaseEnabled=false, handlesAlerts=true, hasTouchScreen=false, version=60.0.3112.90, platform=XP, browserConnectionEnabled=false, nativeEvents=true, acceptSslCerts=true, locationContextEnabled=true, webStorageEnabled=true, browserName=chrome, takesScreenshot=true, javascriptEnabled=true, cssSelectorsEnabled=true, unexpectedAlertBehaviour=}]
Session ID: b2cd3f16dff2c4340fd07ad6ea445f9f
*** Element info: {Using=xpath, value=//span[text()='Add as an Elective']}</a><br/>
<br></br><br/>
<a href=../test-output/ScreenShotsFolder11-08-17/2017-08-11-13-55-15.jpg target='_blank' >By.xpath: //span[text()='Add as an Elective']  Exception while executing script...org.openqa.selenium.NoSuchElementException: no such element: Unable to locate element: {"method":"xpath","selector":"//span[text()='Add as an Elective']"}
  (Session info: chrome=60.0.3112.90)
  (Driver info: chromedriver=2.30.477700 (0057494ad8732195794a7b32078424f92a5fce41),platform=Windows NT 6.1.7601 SP1 x86_64) (WARNING: The server did not provide any stacktrace information)
Command duration or timeout: 13 milliseconds
For documentation on this error, please visit: http://seleniumhq.org/exceptions/no_such_element.html
Build info: version: 'unknown', revision: 'c7b525d', time: '2016-09-01 14:57:44 -0700'
System info: host: 'DT-IBE573', ip: '10.13.58.22', os.name: 'Windows 7', os.arch: 'amd64', os.version: '6.1', java.version: '1.8.0_121'
Driver info: org.openqa.selenium.chrome.ChromeDriver
Capabilities [{applicationCacheEnabled=false, rotatable=false, mobileEmulationEnabled=false, networkConnectionEnabled=false, chrome={chromedriverVersion=2.30.477700 (0057494ad8732195794a7b32078424f92a5fce41), userDataDir=C:\Users\SHIVAR~1.KOT\AppData\Local\Temp\scoped_dir6060_29852}, takesHeapSnapshot=true, pageLoadStrategy=normal, databaseEnabled=false, handlesAlerts=true, hasTouchScreen=false, version=60.0.3112.90, platform=XP, browserConnectionEnabled=false, nativeEvents=true, acceptSslCerts=true, locationContextEnabled=true, webStorageEnabled=true, browserName=chrome, takesScreenshot=true, javascriptEnabled=true, cssSelectorsEnabled=true, unexpectedAlertBehaviour=}]
Session ID: b2cd3f16dff2c4340fd07ad6ea445f9f
*** Element info: {Using=xpath, value=//span[text()='Add as an Elective']}</a><br/>
<br></br><br/>
<a href=../test-output/ScreenShotsFolder11-08-17/2017-08-11-13-55-17.jpg target='_blank' >By.xpath: //span[text()='Add as an Elective']  Exception while executing script...org.openqa.selenium.NoSuchElementException: no such element: Unable to locate element: {"method":"xpath","selector":"//span[text()='Add as an Elective']"}
  (Session info: chrome=60.0.3112.90)
  (Driver info: chromedriver=2.30.477700 (0057494ad8732195794a7b32078424f92a5fce41),platform=Windows NT 6.1.7601 SP1 x86_64) (WARNING: The server did not provide any stacktrace information)
Command duration or timeout: 10 milliseconds
For documentation on this error, please visit: http://seleniumhq.org/exceptions/no_such_element.html
Build info: version: 'unknown', revision: 'c7b525d', time: '2016-09-01 14:57:44 -0700'
System info: host: 'DT-IBE573', ip: '10.13.58.22', os.name: 'Windows 7', os.arch: 'amd64', os.version: '6.1', java.version: '1.8.0_121'
Driver info: org.openqa.selenium.chrome.ChromeDriver
Capabilities [{applicationCacheEnabled=false, rotatable=false, mobileEmulationEnabled=false, networkConnectionEnabled=false, chrome={chromedriverVersion=2.30.477700 (0057494ad8732195794a7b32078424f92a5fce41), userDataDir=C:\Users\SHIVAR~1.KOT\AppData\Local\Temp\scoped_dir6060_29852}, takesHeapSnapshot=true, pageLoadStrategy=normal, databaseEnabled=false, handlesAlerts=true, hasTouchScreen=false, version=60.0.3112.90, platform=XP, browserConnectionEnabled=false, nativeEvents=true, acceptSslCerts=true, locationContextEnabled=true, webStorageEnabled=true, browserName=chrome, takesScreenshot=true, javascriptEnabled=true, cssSelectorsEnabled=true, unexpectedAlertBehaviour=}]
Session ID: b2cd3f16dff2c4340fd07ad6ea445f9f
*** Element info: {Using=xpath, value=//span[text()='Add as an Elective']}</a><br/>
<br></br><br/>
<a href=../test-output/ScreenShotsFolder11-08-17/2017-08-11-13-55-18.jpg target='_blank' >By.xpath: //span[text()='Add as an Elective']  Exception while executing script...org.openqa.selenium.NoSuchElementException: no such element: Unable to locate element: {"method":"xpath","selector":"//span[text()='Add as an Elective']"}
  (Session info: chrome=60.0.3112.90)
  (Driver info: chromedriver=2.30.477700 (0057494ad8732195794a7b32078424f92a5fce41),platform=Windows NT 6.1.7601 SP1 x86_64) (WARNING: The server did not provide any stacktrace information)
Command duration or timeout: 16 milliseconds
For documentation on this error, please visit: http://seleniumhq.org/exceptions/no_such_element.html
Build info: version: 'unknown', revision: 'c7b525d', time: '2016-09-01 14:57:44 -0700'
System info: host: 'DT-IBE573', ip: '10.13.58.22', os.name: 'Windows 7', os.arch: 'amd64', os.version: '6.1', java.version: '1.8.0_121'
Driver info: org.openqa.selenium.chrome.ChromeDriver
Capabilities [{applicationCacheEnabled=false, rotatable=false, mobileEmulationEnabled=false, networkConnectionEnabled=false, chrome={chromedriverVersion=2.30.477700 (0057494ad8732195794a7b32078424f92a5fce41), userDataDir=C:\Users\SHIVAR~1.KOT\AppData\Local\Temp\scoped_dir6060_29852}, takesHeapSnapshot=true, pageLoadStrategy=normal, databaseEnabled=false, handlesAlerts=true, hasTouchScreen=false, version=60.0.3112.90, platform=XP, browserConnectionEnabled=false, nativeEvents=true, acceptSslCerts=true, locationContextEnabled=true, webStorageEnabled=true, browserName=chrome, takesScreenshot=true, javascriptEnabled=true, cssSelectorsEnabled=true, unexpectedAlertBehaviour=}]
Session ID: b2cd3f16dff2c4340fd07ad6ea445f9f
*** Element info: {Using=xpath, value=//span[text()='Add as an Elective']}</a><br/>
<br></br><br/>
<a href=../test-output/ScreenShotsFolder11-08-17/2017-08-11-13-55-41.jpg target='_blank' >By.xpath: //a[text()='CD2TC201']  Exception while executing script...org.openqa.selenium.NoSuchElementException: no such element: Unable to locate element: {"method":"xpath","selector":"//a[text()='CD2TC201']"}
  (Session info: chrome=60.0.3112.90)
  (Driver info: chromedriver=2.30.477700 (0057494ad8732195794a7b32078424f92a5fce41),platform=Windows NT 6.1.7601 SP1 x86_64) (WARNING: The server did not provide any stacktrace information)
Command duration or timeout: 22 milliseconds
For documentation on this error, please visit: http://seleniumhq.org/exceptions/no_such_element.html
Build info: version: 'unknown', revision: 'c7b525d', time: '2016-09-01 14:57:44 -0700'
System info: host: 'DT-IBE573', ip: '10.13.58.22', os.name: 'Windows 7', os.arch: 'amd64', os.version: '6.1', java.version: '1.8.0_121'
Driver info: org.openqa.selenium.chrome.ChromeDriver
Capabilities [{applicationCacheEnabled=false, rotatable=false, mobileEmulationEnabled=false, networkConnectionEnabled=false, chrome={chromedriverVersion=2.30.477700 (0057494ad8732195794a7b32078424f92a5fce41), userDataDir=C:\Users\SHIVAR~1.KOT\AppData\Local\Temp\scoped_dir6060_29852}, takesHeapSnapshot=true, pageLoadStrategy=normal, databaseEnabled=false, handlesAlerts=true, hasTouchScreen=false, version=60.0.3112.90, platform=XP, browserConnectionEnabled=false, nativeEvents=true, acceptSslCerts=true, locationContextEnabled=true, webStorageEnabled=true, browserName=chrome, takesScreenshot=true, javascriptEnabled=true, cssSelectorsEnabled=true, unexpectedAlertBehaviour=}]
Session ID: b2cd3f16dff2c4340fd07ad6ea445f9f
*** Element info: {Using=xpath, value=//a[text()='CD2TC201']}</a><br/>
<br></br><br/>
</div>
</td>
<td></td>
<td>51</td>
<td>com.pom.application.testscripts.TC251RemoveElectiveAssignmentColumnHeading@7b49cea0</td></tr>
</table><p>
</body>
</html>