<?xml version="1.0" encoding="UTF-8"?>
<!-- Generated by org.testng.reporters.JUnitXMLReporter -->
<testsuite hostname="DT-IBE573" name=" Use Case TC257: Highlight Overdue Due Dates in Learning Plan" tests="8" failures="1" timestamp="11 Aug 2017 08:39:48 GMT" time="146.807" errors="0">
  <testcase name="user1Login" time="33.81" classname="com.pom.application.testscripts.TC257HighlightOverdueDueDatesTest"/>
  <testcase name="accessToDoLearningPlan1" time="11.137" classname="com.pom.application.testscripts.TC257HighlightOverdueDueDatesTest"/>
  <testcase name="verifyOverdueHighlghtIconPresent" time="7.568" classname="com.pom.application.testscripts.TC257HighlightOverdueDueDatesTest"/>
  <testcase name="user1Logout" time="8.173" classname="com.pom.application.testscripts.TC257HighlightOverdueDueDatesTest"/>
  <testcase name="user2Login" time="38.106" classname="com.pom.application.testscripts.TC257HighlightOverdueDueDatesTest"/>
  <testcase name="accessToDoLearningPlan2" time="11.631" classname="com.pom.application.testscripts.TC257HighlightOverdueDueDatesTest"/>
  <testcase name="verifyOverdueHighlghtIconNotPresent" time="4.972" classname="com.pom.application.testscripts.TC257HighlightOverdueDueDatesTest">
    <failure type="java.lang.AssertionError" message="expected [false] but found [true]">
      <![CDATA[java.lang.AssertionError: expected [false] but found [true]
	at com.pom.application.testlibrary.ToDoPage.verifyOverdueIconNotPresent(ToDoPage.java:343)
	at com.pom.application.testscripts.TC257HighlightOverdueDueDatesTest.verifyOverdueHighlghtIconNotPresent(TC257HighlightOverdueDueDatesTest.java:156)
... Removed 29 stack frames]]>
    </failure>
  </testcase> <!-- verifyOverdueHighlghtIconNotPresent -->
  <testcase name="user2Logout" time="8.156" classname="com.pom.application.testscripts.TC257HighlightOverdueDueDatesTest"/>
</testsuite> <!--  Use Case TC257: Highlight Overdue Due Dates in Learning Plan -->
