<?xml version="1.0" encoding="UTF-8"?>
<!-- Generated by org.testng.reporters.JUnitXMLReporter -->
<testsuite hostname="DT-IBE573" name="Use Case TC204: Retained training item in LS to-do" tests="29" failures="1" timestamp="11 Aug 2017 07:48:59 GMT" time="658.112" errors="0">
  <testcase name="loginAdminUser" time="36.913" classname="com.pom.application.testscripts.TC204RetainedIlcTrainingTodoTest"/>
  <testcase name="selectMyComplianceMenu" time="15.525" classname="com.pom.application.testscripts.TC204RetainedIlcTrainingTodoTest"/>
  <testcase name="selectTraining" time="12.847" classname="com.pom.application.testscripts.TC204RetainedIlcTrainingTodoTest"/>
  <testcase name="searchTrainingCode" time="4.254" classname="com.pom.application.testscripts.TC204RetainedIlcTrainingTodoTest"/>
  <testcase name="clickClasses" time="5.332" classname="com.pom.application.testscripts.TC204RetainedIlcTrainingTodoTest"/>
  <testcase name="addNewClasses" time="14.558" classname="com.pom.application.testscripts.TC204RetainedIlcTrainingTodoTest"/>
  <testcase name="addUserRoser" time="18.314" classname="com.pom.application.testscripts.TC204RetainedIlcTrainingTodoTest"/>
  <testcase name="assignmentReport" time="22.894" classname="com.pom.application.testscripts.TC204RetainedIlcTrainingTodoTest"/>
  <testcase name="loginPage" time="37.924" classname="com.pom.application.testscripts.TC204RetainedIlcTrainingTodoTest"/>
  <testcase name="myLearningTab" time="3.002" classname="com.pom.application.testscripts.TC204RetainedIlcTrainingTodoTest"/>
  <testcase name="selectToDoOption" time="12.186" classname="com.pom.application.testscripts.TC204RetainedIlcTrainingTodoTest"/>
  <testcase name="selectCourseTitle" time="9.716" classname="com.pom.application.testscripts.TC204RetainedIlcTrainingTodoTest"/>
  <testcase name="logout" time="9.838" classname="com.pom.application.testscripts.TC204RetainedIlcTrainingTodoTest"/>
  <testcase name="loginAdmin" time="36.153" classname="com.pom.application.testscripts.TC204RetainedIlcTrainingTodoTest"/>
  <testcase name="myComplianceMenu" time="15.903" classname="com.pom.application.testscripts.TC204RetainedIlcTrainingTodoTest"/>
  <testcase name="selectTrainingOption" time="12.115" classname="com.pom.application.testscripts.TC204RetainedIlcTrainingTodoTest"/>
  <testcase name="searchTrainingItem" time="5.971" classname="com.pom.application.testscripts.TC204RetainedIlcTrainingTodoTest"/>
  <testcase name="clickClassesLink" time="6.138" classname="com.pom.application.testscripts.TC204RetainedIlcTrainingTodoTest"/>
  <testcase name="selectClassesCode" time="4.387" classname="com.pom.application.testscripts.TC204RetainedIlcTrainingTodoTest"/>
  <testcase name="viewRosterInfo" time="110.849" classname="com.pom.application.testscripts.TC204RetainedIlcTrainingTodoTest">
    <failure type="java.lang.AssertionError" message="Unable to find element By.xpath: //a[text()=&amp;apos;Incomplete&amp;apos;] org.openqa.selenium.TimeoutException: Expected condition failed: waiting for visibility of element located by By.xpath: //a[text()=&amp;apos;Incomplete&amp;apos;] (tried for 100 second(s) with 500 MILLISECONDS interval)
Build info: version: &amp;apos;unknown&amp;apos;, revision: &amp;apos;c7b525d&amp;apos;, time: &amp;apos;2016-09-01 14:57:44 -0700&amp;apos;
System info: host: &amp;apos;DT-IBE573&amp;apos;, ip: &amp;apos;10.13.58.22&amp;apos;, os.name: &amp;apos;Windows 7&amp;apos;, os.arch: &amp;apos;amd64&amp;apos;, os.version: &amp;apos;6.1&amp;apos;, java.version: &amp;apos;1.8.0_121&amp;apos;
Driver info: org.openqa.selenium.support.events.EventFiringWebDriver expected [true] but found [false]">
      <![CDATA[java.lang.AssertionError: Unable to find element By.xpath: //a[text()='Incomplete'] org.openqa.selenium.TimeoutException: Expected condition failed: waiting for visibility of element located by By.xpath: //a[text()='Incomplete'] (tried for 100 second(s) with 500 MILLISECONDS interval)
Build info: version: 'unknown', revision: 'c7b525d', time: '2016-09-01 14:57:44 -0700'
System info: host: 'DT-IBE573', ip: '10.13.58.22', os.name: 'Windows 7', os.arch: 'amd64', os.version: '6.1', java.version: '1.8.0_121'
Driver info: org.openqa.selenium.support.events.EventFiringWebDriver expected [true] but found [false]
	at com.mindteck.pom.drivers.Element.Click(Element.java:302)
	at com.pom.application.testlibrary.RosterPage.clickIncompleteLink(RosterPage.java:43)
	at com.pom.application.testscripts.TC204RetainedIlcTrainingTodoTest.viewRosterInfo(TC204RetainedIlcTrainingTodoTest.java:273)
... Removed 27 stack frames]]>
    </failure>
  </testcase> <!-- viewRosterInfo -->
  <testcase name="loginLearner" time="34.895" classname="com.pom.application.testscripts.TC204RetainedIlcTrainingTodoTest"/>
  <testcase name="verifyTrainingKnowledge" time="16.956" classname="com.pom.application.testscripts.TC204RetainedIlcTrainingTodoTest"/>
  <testcase name="verifyTrainingLearning" time="25.843" classname="com.pom.application.testscripts.TC204RetainedIlcTrainingTodoTest"/>
  <testcase name="loginAsAdmin" time="35.96" classname="com.pom.application.testscripts.TC204RetainedIlcTrainingTodoTest"/>
  <testcase name="selectMyCompliance" time="16.746" classname="com.pom.application.testscripts.TC204RetainedIlcTrainingTodoTest"/>
  <testcase name="trainingButton" time="12.534" classname="com.pom.application.testscripts.TC204RetainedIlcTrainingTodoTest"/>
  <testcase name="searchTraining" time="5.964" classname="com.pom.application.testscripts.TC204RetainedIlcTrainingTodoTest"/>
  <testcase name="clickClassLink" time="4.678" classname="com.pom.application.testscripts.TC204RetainedIlcTrainingTodoTest"/>
  <testcase name="removeClasses" time="25.937" classname="com.pom.application.testscripts.TC204RetainedIlcTrainingTodoTest"/>
</testsuite> <!-- Use Case TC204: Retained training item in LS to-do -->
