<?xml version="1.0" encoding="UTF-8"?>
<!-- Generated by org.testng.reporters.JUnitReportReporter -->
<testsuite hostname="DT-IBE573" name="com.pom.application.testscripts.TC204RetainedIlcTrainingTodoTest" tests="29" failures="1" timestamp="11 Aug 2017 08:58:55 GMT" time="575.370" errors="0">
  <testcase name="loginAsAdmin" time="35.960" classname="com.pom.application.testscripts.TC204RetainedIlcTrainingTodoTest"/>
  <testcase name="addNewClasses" time="14.558" classname="com.pom.application.testscripts.TC204RetainedIlcTrainingTodoTest"/>
  <testcase name="assignmentReport" time="22.894" classname="com.pom.application.testscripts.TC204RetainedIlcTrainingTodoTest"/>
  <testcase name="addUserRoser" time="18.314" classname="com.pom.application.testscripts.TC204RetainedIlcTrainingTodoTest"/>
  <testcase name="viewRosterInfo" time="110.849" classname="com.pom.application.testscripts.TC204RetainedIlcTrainingTodoTest">
    <failure type="java.lang.AssertionError" message="Unable to find element By.xpath: //a[text()=&#039;Incomplete&#039;] org.openqa.selenium.TimeoutException: Expected condition failed: waiting for visibility of element located by By.xpath: //a[text()=&#039;Incomplete&#039;] (tried for 100 second(s) with 500 MILLISECONDS interval)
Build info: version: &#039;unknown&#039;, revision: &#039;c7b525d&#039;, time: &#039;2016-09-01 14:57:44 -0700&#039;
System info: host: &#039;DT-IBE573&#039;, ip: &#039;10.13.58.22&#039;, os.name: &#039;Windows 7&#039;, os.arch: &#039;amd64&#039;, os.version: &#039;6.1&#039;, java.version: &#039;1.8.0_121&#039;
Driver info: org.openqa.selenium.support.events.EventFiringWebDriver expected [true] but found [false]">
      <![CDATA[java.lang.AssertionError: Unable to find element By.xpath: //a[text()='Incomplete'] org.openqa.selenium.TimeoutException: Expected condition failed: waiting for visibility of element located by By.xpath: //a[text()='Incomplete'] (tried for 100 second(s) with 500 MILLISECONDS interval)
Build info: version: 'unknown', revision: 'c7b525d', time: '2016-09-01 14:57:44 -0700'
System info: host: 'DT-IBE573', ip: '10.13.58.22', os.name: 'Windows 7', os.arch: 'amd64', os.version: '6.1', java.version: '1.8.0_121'
Driver info: org.openqa.selenium.support.events.EventFiringWebDriver expected [true] but found [false]
	at org.testng.Assert.fail(Assert.java:94)
	at org.testng.Assert.failNotEquals(Assert.java:496)
	at org.testng.Assert.assertTrue(Assert.java:42)
	at com.mindteck.pom.drivers.Element.Click(Element.java:302)
	at com.pom.application.testlibrary.RosterPage.clickIncompleteLink(RosterPage.java:43)
	at com.pom.application.testscripts.TC204RetainedIlcTrainingTodoTest.viewRosterInfo(TC204RetainedIlcTrainingTodoTest.java:273)
	at sun.reflect.NativeMethodAccessorImpl.invoke0(Native Method)
	at sun.reflect.NativeMethodAccessorImpl.invoke(NativeMethodAccessorImpl.java:62)
	at sun.reflect.DelegatingMethodAccessorImpl.invoke(DelegatingMethodAccessorImpl.java:43)
	at java.lang.reflect.Method.invoke(Method.java:498)
	at org.testng.internal.MethodInvocationHelper.invokeMethod(MethodInvocationHelper.java:85)
	at org.testng.internal.Invoker.invokeMethod(Invoker.java:639)
	at org.testng.internal.Invoker.invokeTestMethod(Invoker.java:816)
	at org.testng.internal.Invoker.invokeTestMethods(Invoker.java:1124)
	at org.testng.internal.TestMethodWorker.invokeTestMethods(TestMethodWorker.java:125)
	at org.testng.internal.TestMethodWorker.run(TestMethodWorker.java:108)
	at org.testng.TestRunner.privateRun(TestRunner.java:774)
	at org.testng.TestRunner.run(TestRunner.java:624)
	at org.testng.SuiteRunner.runTest(SuiteRunner.java:359)
	at org.testng.SuiteRunner.runSequentially(SuiteRunner.java:354)
	at org.testng.SuiteRunner.privateRun(SuiteRunner.java:312)
	at org.testng.SuiteRunner.run(SuiteRunner.java:261)
	at org.testng.SuiteRunnerWorker.runSuite(SuiteRunnerWorker.java:52)
	at org.testng.SuiteRunnerWorker.run(SuiteRunnerWorker.java:86)
	at org.testng.TestNG.runSuitesSequentially(TestNG.java:1191)
	at org.testng.TestNG.runSuitesLocally(TestNG.java:1116)
	at org.testng.TestNG.run(TestNG.java:1024)
	at org.testng.remote.AbstractRemoteTestNG.run(AbstractRemoteTestNG.java:132)
	at org.testng.remote.RemoteTestNG.initAndRun(RemoteTestNG.java:236)
	at org.testng.remote.RemoteTestNG.main(RemoteTestNG.java:81)
]]>
    </failure>
  </testcase> <!-- viewRosterInfo -->
  <testcase name="searchTraining" time="5.964" classname="com.pom.application.testscripts.TC204RetainedIlcTrainingTodoTest"/>
  <testcase name="loginLearner" time="34.896" classname="com.pom.application.testscripts.TC204RetainedIlcTrainingTodoTest"/>
  <testcase name="myComplianceMenu" time="15.903" classname="com.pom.application.testscripts.TC204RetainedIlcTrainingTodoTest"/>
  <testcase name="myLearningTab" time="3.003" classname="com.pom.application.testscripts.TC204RetainedIlcTrainingTodoTest"/>
  <testcase name="logout" time="9.839" classname="com.pom.application.testscripts.TC204RetainedIlcTrainingTodoTest"/>
  <testcase name="verifyTrainingKnowledge" time="16.956" classname="com.pom.application.testscripts.TC204RetainedIlcTrainingTodoTest"/>
  <testcase name="loginPage" time="37.924" classname="com.pom.application.testscripts.TC204RetainedIlcTrainingTodoTest"/>
  <testcase name="clickClasses" time="5.333" classname="com.pom.application.testscripts.TC204RetainedIlcTrainingTodoTest"/>
  <testcase name="selectTraining" time="12.847" classname="com.pom.application.testscripts.TC204RetainedIlcTrainingTodoTest"/>
  <testcase name="removeClasses" time="25.937" classname="com.pom.application.testscripts.TC204RetainedIlcTrainingTodoTest"/>
  <testcase name="selectTrainingOption" time="12.115" classname="com.pom.application.testscripts.TC204RetainedIlcTrainingTodoTest"/>
  <testcase name="selectMyCompliance" time="17.779" classname="com.pom.application.testscripts.TC204RetainedIlcTrainingTodoTest"/>
  <testcase name="selectToDoOption" time="12.186" classname="com.pom.application.testscripts.TC204RetainedIlcTrainingTodoTest"/>
  <testcase name="loginAdminUser" time="36.913" classname="com.pom.application.testscripts.TC204RetainedIlcTrainingTodoTest"/>
  <testcase name="searchTrainingCode" time="4.254" classname="com.pom.application.testscripts.TC204RetainedIlcTrainingTodoTest"/>
  <testcase name="selectCourseTitle" time="9.716" classname="com.pom.application.testscripts.TC204RetainedIlcTrainingTodoTest"/>
  <testcase name="searchTrainingItem" time="5.971" classname="com.pom.application.testscripts.TC204RetainedIlcTrainingTodoTest"/>
  <testcase name="selectMyComplianceMenu" time="15.526" classname="com.pom.application.testscripts.TC204RetainedIlcTrainingTodoTest"/>
  <testcase name="loginAdmin" time="36.153" classname="com.pom.application.testscripts.TC204RetainedIlcTrainingTodoTest"/>
  <testcase name="selectClassesCode" time="4.387" classname="com.pom.application.testscripts.TC204RetainedIlcTrainingTodoTest"/>
  <testcase name="clickClassesLink" time="6.138" classname="com.pom.application.testscripts.TC204RetainedIlcTrainingTodoTest"/>
  <testcase name="clickClassLink" time="4.678" classname="com.pom.application.testscripts.TC204RetainedIlcTrainingTodoTest"/>
  <testcase name="trainingButton" time="12.534" classname="com.pom.application.testscripts.TC204RetainedIlcTrainingTodoTest"/>
  <testcase name="verifyTrainingLearning" time="25.843" classname="com.pom.application.testscripts.TC204RetainedIlcTrainingTodoTest"/>
</testsuite> <!-- com.pom.application.testscripts.TC204RetainedIlcTrainingTodoTest -->
