<?xml version="1.0" encoding="UTF-8"?>
<!-- Generated by org.testng.reporters.JUnitReportReporter -->
<testsuite hostname="DT-IBE573" name="com.pom.application.testscripts.TC202IlcTrainingItemRemovel" tests="28" failures="1" timestamp="11 Aug 2017 08:58:55 GMT" time="523.409" errors="0">
  <testcase name="selectToDoOption" time="11.644" classname="com.pom.application.testscripts.TC202IlcTrainingItemRemovel"/>
  <testcase name="selectMyComplianceMenu" time="15.906" classname="com.pom.application.testscripts.TC202IlcTrainingItemRemovel"/>
  <testcase name="selectTraining" time="12.472" classname="com.pom.application.testscripts.TC202IlcTrainingItemRemovel"/>
  <testcase name="logout" time="9.804" classname="com.pom.application.testscripts.TC202IlcTrainingItemRemovel"/>
  <testcase name="clickClassesLink" time="5.745" classname="com.pom.application.testscripts.TC202IlcTrainingItemRemovel"/>
  <testcase name="clickClasses" time="4.685" classname="com.pom.application.testscripts.TC202IlcTrainingItemRemovel"/>
  <testcase name="searchTraining" time="5.976" classname="com.pom.application.testscripts.TC202IlcTrainingItemRemovel"/>
  <testcase name="searchTrainingItem" time="3.111" classname="com.pom.application.testscripts.TC202IlcTrainingItemRemovel"/>
  <testcase name="loginAdminUser" time="36.512" classname="com.pom.application.testscripts.TC202IlcTrainingItemRemovel"/>
  <testcase name="verifyTrainingKnowledge" time="18.568" classname="com.pom.application.testscripts.TC202IlcTrainingItemRemovel"/>
  <testcase name="loginPage" time="33.208" classname="com.pom.application.testscripts.TC202IlcTrainingItemRemovel"/>
  <testcase name="trainingButton" time="12.216" classname="com.pom.application.testscripts.TC202IlcTrainingItemRemovel"/>
  <testcase name="clickClassLink" time="4.666" classname="com.pom.application.testscripts.TC202IlcTrainingItemRemovel"/>
  <testcase name="removeClasses" time="16.486" classname="com.pom.application.testscripts.TC202IlcTrainingItemRemovel"/>
  <testcase name="myComplianceMenu" time="15.935" classname="com.pom.application.testscripts.TC202IlcTrainingItemRemovel"/>
  <testcase name="selectMyCompliance" time="15.643" classname="com.pom.application.testscripts.TC202IlcTrainingItemRemovel"/>
  <testcase name="selectClassesCode" time="4.642" classname="com.pom.application.testscripts.TC202IlcTrainingItemRemovel"/>
  <testcase name="loginAsAdmin" time="33.567" classname="com.pom.application.testscripts.TC202IlcTrainingItemRemovel"/>
  <testcase name="loginLearner" time="34.048" classname="com.pom.application.testscripts.TC202IlcTrainingItemRemovel"/>
  <testcase name="selectTrainingTitle" time="5.727" classname="com.pom.application.testscripts.TC202IlcTrainingItemRemovel"/>
  <testcase name="selectTrainingOption" time="11.834" classname="com.pom.application.testscripts.TC202IlcTrainingItemRemovel"/>
  <testcase name="addNewClasses" time="13.355" classname="com.pom.application.testscripts.TC202IlcTrainingItemRemovel"/>
  <testcase name="verifyTrainingLearning" time="24.443" classname="com.pom.application.testscripts.TC202IlcTrainingItemRemovel"/>
  <testcase name="loginAdmin" time="34.020" classname="com.pom.application.testscripts.TC202IlcTrainingItemRemovel"/>
  <testcase name="myLearningTab" time="3.111" classname="com.pom.application.testscripts.TC202IlcTrainingItemRemovel"/>
  <testcase name="addUserRoser" time="17.640" classname="com.pom.application.testscripts.TC202IlcTrainingItemRemovel"/>
  <testcase name="searchTrainingCode" time="4.145" classname="com.pom.application.testscripts.TC202IlcTrainingItemRemovel"/>
  <testcase name="viewRosterInfo" time="114.300" classname="com.pom.application.testscripts.TC202IlcTrainingItemRemovel">
    <failure type="java.lang.AssertionError" message="Unable to find element By.xpath: //a[contains(text(),&#039;Update Completion&#039;)] org.openqa.selenium.TimeoutException: Expected condition failed: waiting for visibility of element located by By.xpath: //a[contains(text(),&#039;Update Completion&#039;)] (tried for 100 second(s) with 500 MILLISECONDS interval)
Build info: version: &#039;unknown&#039;, revision: &#039;c7b525d&#039;, time: &#039;2016-09-01 14:57:44 -0700&#039;
System info: host: &#039;DT-IBE573&#039;, ip: &#039;10.13.58.22&#039;, os.name: &#039;Windows 7&#039;, os.arch: &#039;amd64&#039;, os.version: &#039;6.1&#039;, java.version: &#039;1.8.0_121&#039;
Driver info: org.openqa.selenium.support.events.EventFiringWebDriver expected [true] but found [false]">
      <![CDATA[java.lang.AssertionError: Unable to find element By.xpath: //a[contains(text(),'Update Completion')] org.openqa.selenium.TimeoutException: Expected condition failed: waiting for visibility of element located by By.xpath: //a[contains(text(),'Update Completion')] (tried for 100 second(s) with 500 MILLISECONDS interval)
Build info: version: 'unknown', revision: 'c7b525d', time: '2016-09-01 14:57:44 -0700'
System info: host: 'DT-IBE573', ip: '10.13.58.22', os.name: 'Windows 7', os.arch: 'amd64', os.version: '6.1', java.version: '1.8.0_121'
Driver info: org.openqa.selenium.support.events.EventFiringWebDriver expected [true] but found [false]
	at org.testng.Assert.fail(Assert.java:94)
	at org.testng.Assert.failNotEquals(Assert.java:496)
	at org.testng.Assert.assertTrue(Assert.java:42)
	at com.mindteck.pom.drivers.Element.Click(Element.java:302)
	at com.pom.application.testlibrary.RosterPage.selectUpdateComp(RosterPage.java:64)
	at com.pom.application.testscripts.TC202IlcTrainingItemRemovel.viewRosterInfo(TC202IlcTrainingItemRemovel.java:259)
	at sun.reflect.NativeMethodAccessorImpl.invoke0(Native Method)
	at sun.reflect.NativeMethodAccessorImpl.invoke(NativeMethodAccessorImpl.java:62)
	at sun.reflect.DelegatingMethodAccessorImpl.invoke(DelegatingMethodAccessorImpl.java:43)
	at java.lang.reflect.Method.invoke(Method.java:498)
	at org.testng.internal.MethodInvocationHelper.invokeMethod(MethodInvocationHelper.java:85)
	at org.testng.internal.Invoker.invokeMethod(Invoker.java:639)
	at org.testng.internal.Invoker.invokeTestMethod(Invoker.java:816)
	at org.testng.internal.Invoker.invokeTestMethods(Invoker.java:1124)
	at org.testng.internal.TestMethodWorker.invokeTestMethods(TestMethodWorker.java:125)
	at org.testng.internal.TestMethodWorker.run(TestMethodWorker.java:108)
	at org.testng.TestRunner.privateRun(TestRunner.java:774)
	at org.testng.TestRunner.run(TestRunner.java:624)
	at org.testng.SuiteRunner.runTest(SuiteRunner.java:359)
	at org.testng.SuiteRunner.runSequentially(SuiteRunner.java:354)
	at org.testng.SuiteRunner.privateRun(SuiteRunner.java:312)
	at org.testng.SuiteRunner.run(SuiteRunner.java:261)
	at org.testng.SuiteRunnerWorker.runSuite(SuiteRunnerWorker.java:52)
	at org.testng.SuiteRunnerWorker.run(SuiteRunnerWorker.java:86)
	at org.testng.TestNG.runSuitesSequentially(TestNG.java:1191)
	at org.testng.TestNG.runSuitesLocally(TestNG.java:1116)
	at org.testng.TestNG.run(TestNG.java:1024)
	at org.testng.remote.AbstractRemoteTestNG.run(AbstractRemoteTestNG.java:132)
	at org.testng.remote.RemoteTestNG.initAndRun(RemoteTestNG.java:236)
	at org.testng.remote.RemoteTestNG.main(RemoteTestNG.java:81)
]]>
    </failure>
  </testcase> <!-- viewRosterInfo -->
</testsuite> <!-- com.pom.application.testscripts.TC202IlcTrainingItemRemovel -->
