<?xml version="1.0" encoding="UTF-8"?>
<!-- Generated by org.testng.reporters.JUnitReportReporter -->
<testsuite hostname="DT-IBE573" name="com.pom.application.testscripts.TC257HighlightOverdueDueDatesTest" tests="8" failures="1" timestamp="11 Aug 2017 08:58:55 GMT" time="124.633" errors="0">
  <testcase name="user1Logout" time="8.174" classname="com.pom.application.testscripts.TC257HighlightOverdueDueDatesTest"/>
  <testcase name="user2Login" time="38.106" classname="com.pom.application.testscripts.TC257HighlightOverdueDueDatesTest"/>
  <testcase name="verifyOverdueHighlghtIconNotPresent" time="4.972" classname="com.pom.application.testscripts.TC257HighlightOverdueDueDatesTest">
    <failure type="java.lang.AssertionError" message="expected [false] but found [true]">
      <![CDATA[java.lang.AssertionError: expected [false] but found [true]
	at org.testng.Assert.fail(Assert.java:94)
	at org.testng.Assert.failNotEquals(Assert.java:496)
	at org.testng.Assert.assertEquals(Assert.java:125)
	at org.testng.Assert.assertEquals(Assert.java:288)
	at org.testng.Assert.assertEquals(Assert.java:298)
	at com.pom.application.testlibrary.ToDoPage.verifyOverdueIconNotPresent(ToDoPage.java:343)
	at com.pom.application.testscripts.TC257HighlightOverdueDueDatesTest.verifyOverdueHighlghtIconNotPresent(TC257HighlightOverdueDueDatesTest.java:156)
	at sun.reflect.NativeMethodAccessorImpl.invoke0(Native Method)
	at sun.reflect.NativeMethodAccessorImpl.invoke(NativeMethodAccessorImpl.java:62)
	at sun.reflect.DelegatingMethodAccessorImpl.invoke(DelegatingMethodAccessorImpl.java:43)
	at java.lang.reflect.Method.invoke(Method.java:498)
	at org.testng.internal.MethodInvocationHelper.invokeMethod(MethodInvocationHelper.java:85)
	at org.testng.internal.Invoker.invokeMethod(Invoker.java:639)
	at org.testng.internal.Invoker.invokeTestMethod(Invoker.java:816)
	at org.testng.internal.Invoker.invokeTestMethods(Invoker.java:1124)
	at org.testng.internal.TestMethodWorker.invokeTestMethods(TestMethodWorker.java:125)
	at org.testng.internal.TestMethodWorker.run(TestMethodWorker.java:108)
	at org.testng.TestRunner.privateRun(TestRunner.java:774)
	at org.testng.TestRunner.run(TestRunner.java:624)
	at org.testng.SuiteRunner.runTest(SuiteRunner.java:359)
	at org.testng.SuiteRunner.runSequentially(SuiteRunner.java:354)
	at org.testng.SuiteRunner.privateRun(SuiteRunner.java:312)
	at org.testng.SuiteRunner.run(SuiteRunner.java:261)
	at org.testng.SuiteRunnerWorker.runSuite(SuiteRunnerWorker.java:52)
	at org.testng.SuiteRunnerWorker.run(SuiteRunnerWorker.java:86)
	at org.testng.TestNG.runSuitesSequentially(TestNG.java:1191)
	at org.testng.TestNG.runSuitesLocally(TestNG.java:1116)
	at org.testng.TestNG.run(TestNG.java:1024)
	at org.testng.remote.AbstractRemoteTestNG.run(AbstractRemoteTestNG.java:132)
	at org.testng.remote.RemoteTestNG.initAndRun(RemoteTestNG.java:236)
	at org.testng.remote.RemoteTestNG.main(RemoteTestNG.java:81)
]]>
    </failure>
  </testcase> <!-- verifyOverdueHighlghtIconNotPresent -->
  <testcase name="accessToDoLearningPlan1" time="12.216" classname="com.pom.application.testscripts.TC257HighlightOverdueDueDatesTest"/>
  <testcase name="verifyOverdueHighlghtIconPresent" time="7.568" classname="com.pom.application.testscripts.TC257HighlightOverdueDueDatesTest"/>
  <testcase name="user1Login" time="33.810" classname="com.pom.application.testscripts.TC257HighlightOverdueDueDatesTest"/>
  <testcase name="accessToDoLearningPlan2" time="11.631" classname="com.pom.application.testscripts.TC257HighlightOverdueDueDatesTest"/>
  <testcase name="user2Logout" time="8.156" classname="com.pom.application.testscripts.TC257HighlightOverdueDueDatesTest"/>
</testsuite> <!-- com.pom.application.testscripts.TC257HighlightOverdueDueDatesTest -->
